# JRE version: OpenJDK Runtime Environment Microsoft-11369865 (17.0.15+6) (build 17.0.15+6-LTS)
# Java VM: OpenJDK 64-Bit Server VM Microsoft-11369865 (17.0.15+6-LTS, mixed mode, tiered, compressed oops, compressed class ptrs, g1 gc, windows-amd64)
GC Precious Log:
 CPUs: 16 total, 16 available
 Memory: 16297M
 Large Page Support: Disabled
 NUMA Support: Disabled
 Compressed Oops: Enabled (Zero based)
 Heap Region Size: 2M
 Heap Min Capacity: 8M
 Heap Initial Capacity: 256M
 Heap Max Capacity: 4076M
 Pre-touch: Disabled
 Parallel Workers: 13
 Concurrent Workers: 3
 Concurrent Refinement Workers: 13
 Periodic GC: Disabled
Heap:
 garbage-first heap   total 591872K, used 150762K [0x0000000701400000, 0x0000000800000000)
  region size 2048K, 2 young (4096K), 2 survivors (4096K)
 Metaspace       used 9160K, committed 9344K, reserved 1114112K
  class space    used 793K, committed 896K, reserved 1048576K
GC Heap History (16 events):
Event: 0.397 GC heap before
{Heap before GC invocations=0 (full 0):
 garbage-first heap   total 262144K, used 20480K [0x0000000701400000, 0x0000000800000000)
  region size 2048K, 11 young (22528K), 0 survivors (0K)
 Metaspace       used 6660K, committed 6784K, reserved 1114112K
  class space    used 564K, committed 640K, reserved 1048576K
}
Event: 0.407 GC heap after
{Heap after GC invocations=1 (full 0):
 garbage-first heap   total 262144K, used 17961K [0x0000000701400000, 0x0000000800000000)
  region size 2048K, 2 young (4096K), 2 survivors (4096K)
 Metaspace       used 6660K, committed 6784K, reserved 1114112K
  class space    used 564K, committed 640K, reserved 1048576K
}
Event: 0.459 GC heap before
{Heap before GC invocations=1 (full 0):
 garbage-first heap   total 262144K, used 28201K [0x0000000701400000, 0x0000000800000000)
  region size 2048K, 8 young (16384K), 2 survivors (4096K)
 Metaspace       used 6781K, committed 6912K, reserved 1114112K
  class space    used 576K, committed 640K, reserved 1048576K
}
Event: 0.465 GC heap after
{Heap after GC invocations=2 (full 0):
 garbage-first heap   total 262144K, used 26410K [0x0000000701400000, 0x0000000800000000)
  region size 2048K, 1 young (2048K), 1 survivors (2048K)
 Metaspace       used 6781K, committed 6912K, reserved 1114112K
  class space    used 576K, committed 640K, reserved 1048576K
}
Event: 0.514 GC heap before
{Heap before GC invocations=2 (full 0):
 garbage-first heap   total 262144K, used 50986K [0x0000000701400000, 0x0000000800000000)
  region size 2048K, 13 young (26624K), 1 survivors (2048K)
 Metaspace       used 6781K, committed 6912K, reserved 1114112K
  class space    used 576K, committed 640K, reserved 1048576K
}
Event: 0.525 GC heap after
{Heap after GC invocations=3 (full 0):
 garbage-first heap   total 262144K, used 41578K [0x0000000701400000, 0x0000000800000000)
  region size 2048K, 2 young (4096K), 2 survivors (4096K)
 Metaspace       used 6781K, committed 6912K, reserved 1114112K
  class space    used 576K, committed 640K, reserved 1048576K
}
Event: 0.556 GC heap before
{Heap before GC invocations=3 (full 0):
 garbage-first heap   total 262144K, used 66154K [0x0000000701400000, 0x0000000800000000)
  region size 2048K, 14 young (28672K), 2 survivors (4096K)
 Metaspace       used 6787K, committed 6912K, reserved 1114112K
  class space    used 576K, committed 640K, reserved 1048576K
}
Event: 0.571 GC heap after
{Heap after GC invocations=4 (full 0):
 garbage-first heap   total 262144K, used 57344K [0x0000000701400000, 0x0000000800000000)
  region size 2048K, 2 young (4096K), 2 survivors (4096K)
 Metaspace       used 6787K, committed 6912K, reserved 1114112K
  class space    used 576K, committed 640K, reserved 1048576K
}
Event: 0.584 GC heap before
{Heap before GC invocations=4 (full 0):
 garbage-first heap   total 262144K, used 73728K [0x0000000701400000, 0x0000000800000000)
  region size 2048K, 10 young (20480K), 2 survivors (4096K)
 Metaspace       used 6787K, committed 6912K, reserved 1114112K
  class space    used 576K, committed 640K, reserved 1048576K
}
Event: 0.834 GC heap after
{Heap after GC invocations=5 (full 0):
 garbage-first heap   total 591872K, used 68462K [0x0000000701400000, 0x0000000800000000)
  region size 2048K, 2 young (4096K), 2 survivors (4096K)
 Metaspace       used 6787K, committed 6912K, reserved 1114112K
  class space    used 576K, committed 640K, reserved 1048576K
}
Event: 0.861 GC heap before
{Heap before GC invocations=5 (full 0):
 garbage-first heap   total 591872K, used 93038K [0x0000000701400000, 0x0000000800000000)
  region size 2048K, 14 young (28672K), 2 survivors (4096K)
 Metaspace       used 6787K, committed 6912K, reserved 1114112K
  class space    used 576K, committed 640K, reserved 1048576K
}
Event: 0.872 GC heap after
{Heap after GC invocations=6 (full 0):
 garbage-first heap   total 591872K, used 85493K [0x0000000701400000, 0x0000000800000000)
  region size 2048K, 2 young (4096K), 2 survivors (4096K)
 Metaspace       used 6787K, committed 6912K, reserved 1114112K
  class space    used 576K, committed 640K, reserved 1048576K
}
Event: 0.921 GC heap before
{Heap before GC invocations=6 (full 0):
 garbage-first heap   total 591872K, used 110069K [0x0000000701400000, 0x0000000800000000)
  region size 2048K, 14 young (28672K), 2 survivors (4096K)
 Metaspace       used 7066K, committed 7232K, reserved 1114112K
  class space    used 608K, committed 704K, reserved 1048576K
}
Event: 0.931 GC heap after
{Heap after GC invocations=7 (full 0):
 garbage-first heap   total 591872K, used 102162K [0x0000000701400000, 0x0000000800000000)
  region size 2048K, 2 young (4096K), 2 survivors (4096K)
 Metaspace       used 7066K, committed 7232K, reserved 1114112K
  class space    used 608K, committed 704K, reserved 1048576K
}
Event: 1.223 GC heap before
{Heap before GC invocations=7 (full 0):
 garbage-first heap   total 591872K, used 157458K [0x0000000701400000, 0x0000000800000000)
  region size 2048K, 30 young (61440K), 2 survivors (4096K)
 Metaspace       used 9137K, committed 9280K, reserved 1114112K
  class space    used 793K, committed 896K, reserved 1048576K
}
Event: 1.249 GC heap after
{Heap after GC invocations=8 (full 0):
 garbage-first heap   total 591872K, used 140687K [0x0000000701400000, 0x0000000800000000)
  region size 2048K, 4 young (8192K), 4 survivors (8192K)
 Metaspace       used 9137K, committed 9280K, reserved 1114112K
  class space    used 793K, committed 896K, reserved 1048576K
}

